============================================================
  Generated by:           Encounter(R) RTL Compiler RC14.13 - v14.10-s027_1
  Generated on:           Oct 07 2021  10:08:32 pm
  Module:                 coin_casher
  Technology library:     NanGate_15nm_OCL revision 1.0
  Operating conditions:   worst_low (balanced_tree)
  Wireload mode:          enclosed
  Area mode:              timing library
============================================================

                               
   Gate     Instances   Area         Library       
---------------------------------------------------
AND2_X1             2    0.590    NanGate_15nm_OCL 
AND3_X2             1    0.393    NanGate_15nm_OCL 
AOI21_X1            5    1.475    NanGate_15nm_OCL 
AOI22_X1           29    9.978    NanGate_15nm_OCL 
DFFRNQ_X1          37   47.284    NanGate_15nm_OCL 
DFFSNQ_X1           1    1.278    NanGate_15nm_OCL 
HA_X1               5    3.195    NanGate_15nm_OCL 
INV_X1             65    9.585    NanGate_15nm_OCL 
NAND2_X1           34    6.685    NanGate_15nm_OCL 
NAND3_X1           13    3.834    NanGate_15nm_OCL 
NAND4_X1            4    1.376    NanGate_15nm_OCL 
NOR2_X1            24    4.719    NanGate_15nm_OCL 
NOR3_X1            11    3.244    NanGate_15nm_OCL 
NOR4_X1             4    1.376    NanGate_15nm_OCL 
OAI21_X1            9    2.654    NanGate_15nm_OCL 
OAI21_X2            1    0.442    NanGate_15nm_OCL 
OAI22_X1            1    0.344    NanGate_15nm_OCL 
OR2_X1              1    0.295    NanGate_15nm_OCL 
OR3_X1              1    0.393    NanGate_15nm_OCL 
SDFFRNQ_X1          2    3.244    NanGate_15nm_OCL 
XNOR2_X1           11    4.866    NanGate_15nm_OCL 
XOR2_X1            12    5.308    NanGate_15nm_OCL 
---------------------------------------------------
total             273  112.558                     


                                    
   Type    Instances   Area  Area % 
------------------------------------
sequential        40  51.806   46.0 
inverter          65   9.585    8.5 
logic            168  51.167   45.5 
------------------------------------
total            273 112.558  100.0 

